Traceback (most recent call last):
  File "<frozen runpy>", line 198, in _run_module_as_main
  File "<frozen runpy>", line 88, in _run_code
  File "C:\Users\BAREN\.openclaw\workspace\Chat with Database v1\backend\venv\Lib\site-packages\uvicorn\__main__.py", line 4, in <module>
    uvicorn.main()
    ~~~~~~~~~~~~^^
  File "C:\Users\BAREN\.openclaw\workspace\Chat with Database v1\backend\venv\Lib\site-packages\click\core.py", line 1524, in __call__
    return self.main(*args, **kwargs)
           ~~~~~~~~~^^^^^^^^^^^^^^^^^
  File "C:\Users\BAREN\.openclaw\workspace\Chat with Database v1\backend\venv\Lib\site-packages\click\core.py", line 1445, in main
    rv = self.invoke(ctx)
  File "C:\Users\BAREN\.openclaw\workspace\Chat with Database v1\backend\venv\Lib\site-packages\click\core.py", line 1308, in invoke
    return ctx.invoke(self.callback, **ctx.params)
           ~~~~~~~~~~^^^^^^^^^^^^^^^^^^^^^^^^^^^^^
  File "C:\Users\BAREN\.openclaw\workspace\Chat with Database v1\backend\venv\Lib\site-packages\click\core.py", line 877, in invoke
    return callback(*args, **kwargs)
  File "C:\Users\BAREN\.openclaw\workspace\Chat with Database v1\backend\venv\Lib\site-packages\uvicorn\main.py", line 412, in main
    run(
    ~~~^
        app,
        ^^^^
    ...<45 lines>...
        h11_max_incomplete_event_size=h11_max_incomplete_event_size,
        ^^^^^^^^^^^^^^^^^^^^^^^^^^^^^^^^^^^^^^^^^^^^^^^^^^^^^^^^^^^^
    )
    ^
  File "C:\Users\BAREN\.openclaw\workspace\Chat with Database v1\backend\venv\Lib\site-packages\uvicorn\main.py", line 579, in run
    server.run()
    ~~~~~~~~~~^^
  File "C:\Users\BAREN\.openclaw\workspace\Chat with Database v1\backend\venv\Lib\site-packages\uvicorn\server.py", line 66, in run
    return asyncio.run(self.serve(sockets=sockets))
           ~~~~~~~~~~~^^^^^^^^^^^^^^^^^^^^^^^^^^^^^
  File "C:\Users\baren\AppData\Local\Programs\Python\Python314\Lib\asyncio\runners.py", line 204, in run
    return runner.run(main)
           ~~~~~~~~~~^^^^^^
  File "C:\Users\baren\AppData\Local\Programs\Python\Python314\Lib\asyncio\runners.py", line 127, in run
    return self._loop.run_until_complete(task)
           ~~~~~~~~~~~~~~~~~~~~~~~~~~~~~^^^^^^
  File "C:\Users\baren\AppData\Local\Programs\Python\Python314\Lib\asyncio\base_events.py", line 719, in run_until_complete
    return future.result()
           ~~~~~~~~~~~~~^^
  File "C:\Users\BAREN\.openclaw\workspace\Chat with Database v1\backend\venv\Lib\site-packages\uvicorn\server.py", line 70, in serve
    await self._serve(sockets)
  File "C:\Users\BAREN\.openclaw\workspace\Chat with Database v1\backend\venv\Lib\site-packages\uvicorn\server.py", line 77, in _serve
    config.load()
    ~~~~~~~~~~~^^
  File "C:\Users\BAREN\.openclaw\workspace\Chat with Database v1\backend\venv\Lib\site-packages\uvicorn\config.py", line 435, in load
    self.loaded_app = import_from_string(self.app)
                      ~~~~~~~~~~~~~~~~~~^^^^^^^^^^
  File "C:\Users\BAREN\.openclaw\workspace\Chat with Database v1\backend\venv\Lib\site-packages\uvicorn\importer.py", line 19, in import_from_string
    module = importlib.import_module(module_str)
  File "C:\Users\baren\AppData\Local\Programs\Python\Python314\Lib\importlib\__init__.py", line 88, in import_module
    return _bootstrap._gcd_import(name[level:], package, level)
           ~~~~~~~~~~~~~~~~~~~~~~^^^^^^^^^^^^^^^^^^^^^^^^^^^^^^
  File "<frozen importlib._bootstrap>", line 1398, in _gcd_import
  File "<frozen importlib._bootstrap>", line 1371, in _find_and_load
  File "<frozen importlib._bootstrap>", line 1342, in _find_and_load_unlocked
  File "<frozen importlib._bootstrap>", line 938, in _load_unlocked
  File "<frozen importlib._bootstrap_external>", line 759, in exec_module
  File "<frozen importlib._bootstrap>", line 491, in _call_with_frames_removed
  File "C:\Users\BAREN\.openclaw\workspace\Chat with Database v1\backend\main.py", line 7, in <module>
    from database import engine, Base
  File "C:\Users\BAREN\.openclaw\workspace\Chat with Database v1\backend\database.py", line 7, in <module>
    load_dotenv()
    ~~~~~~~~~~~^^
  File "C:\Users\BAREN\.openclaw\workspace\Chat with Database v1\backend\venv\Lib\site-packages\dotenv\main.py", line 356, in load_dotenv
    return dotenv.set_as_environment_variables()
           ~~~~~~~~~~~~~~~~~~~~~~~~~~~~~~~~~~~^^
  File "C:\Users\BAREN\.openclaw\workspace\Chat with Database v1\backend\venv\Lib\site-packages\dotenv\main.py", line 92, in set_as_environment_variables
    if not self.dict():
           ~~~~~~~~~^^
  File "C:\Users\BAREN\.openclaw\workspace\Chat with Database v1\backend\venv\Lib\site-packages\dotenv\main.py", line 76, in dict
    self._dict = OrderedDict(resolve_variables(raw_values, override=self.override))
                             ~~~~~~~~~~~~~~~~~^^^^^^^^^^^^^^^^^^^^^^^^^^^^^^^^^^^^
  File "C:\Users\BAREN\.openclaw\workspace\Chat with Database v1\backend\venv\Lib\site-packages\dotenv\main.py", line 238, in resolve_variables
    for (name, value) in values:
                         ^^^^^^
  File "C:\Users\BAREN\.openclaw\workspace\Chat with Database v1\backend\venv\Lib\site-packages\dotenv\main.py", line 84, in parse
    for mapping in with_warn_for_invalid_lines(parse_stream(stream)):
                   ~~~~~~~~~~~~~~~~~~~~~~~~~~~^^^^^^^^^^^^^^^^^^^^^^
  File "C:\Users\BAREN\.openclaw\workspace\Chat with Database v1\backend\venv\Lib\site-packages\dotenv\main.py", line 26, in with_warn_for_invalid_lines
    for mapping in mappings:
                   ^^^^^^^^
  File "C:\Users\BAREN\.openclaw\workspace\Chat with Database v1\backend\venv\Lib\site-packages\dotenv\parser.py", line 173, in parse_stream
    reader = Reader(stream)
  File "C:\Users\BAREN\.openclaw\workspace\Chat with Database v1\backend\venv\Lib\site-packages\dotenv\parser.py", line 64, in __init__
    self.string = stream.read()
                  ~~~~~~~~~~~^^
  File "<frozen codecs>", line 325, in decode
UnicodeDecodeError: 'utf-8' codec can't decode byte 0xff in position 0: invalid start byte
